0 info it worked if it ends with ok
1 verbose cli [ '/usr/local/bin/node', '/usr/local/bin/npm', 'install' ]
2 info using npm@1.1.59
3 info using node@v0.8.8
4 verbose read json /home/bpaluch/Coding/home-monitor/xbee-cordinator/package.json
5 warn package.json xbeecordinator@0.0.0 No README.md file found!
6 verbose readDependencies using package.json deps
7 verbose install where, deps [ '/home/bpaluch/Coding/home-monitor/xbee-cordinator',
7 verbose install   [ 'svd-xbee', 'nstore', 'packet', 'socket.io-client' ] ]
8 verbose from cache /home/bpaluch/Coding/home-monitor/xbee-cordinator/package.json
9 info preinstall xbeecordinator@0.0.0
10 verbose read json /home/bpaluch/Coding/home-monitor/xbee-cordinator/node_modules/socket.io-client/package.json
11 verbose read json /home/bpaluch/Coding/home-monitor/xbee-cordinator/node_modules/nstore/package.json
12 verbose read json /home/bpaluch/Coding/home-monitor/xbee-cordinator/node_modules/packet/package.json
13 verbose read json /home/bpaluch/Coding/home-monitor/xbee-cordinator/node_modules/svd-xbee/package.json
14 verbose from cache /home/bpaluch/Coding/home-monitor/xbee-cordinator/package.json
15 verbose readDependencies using package.json deps
16 verbose from cache /home/bpaluch/Coding/home-monitor/xbee-cordinator/node_modules/socket.io-client/package.json
17 verbose from cache /home/bpaluch/Coding/home-monitor/xbee-cordinator/node_modules/nstore/package.json
18 verbose from cache /home/bpaluch/Coding/home-monitor/xbee-cordinator/node_modules/packet/package.json
19 verbose from cache /home/bpaluch/Coding/home-monitor/xbee-cordinator/node_modules/svd-xbee/package.json
20 verbose cache add [ 'svd-xbee@https://github.com/bryanpaluch/node-xbee.git',
20 verbose cache add   null ]
21 silly cache add name=undefined spec="svd-xbee@https://github.com/bryanpaluch/node-xbee.git" args=["svd-xbee@https://github.com/bryanpaluch/node-xbee.git",null]
22 verbose parsed url { pathname: 'svd-xbee@https://github.com/bryanpaluch/node-xbee.git',
22 verbose parsed url   path: 'svd-xbee@https://github.com/bryanpaluch/node-xbee.git',
22 verbose parsed url   href: 'svd-xbee@https://github.com/bryanpaluch/node-xbee.git' }
23 silly cache add name="svd-xbee" spec="https://github.com/bryanpaluch/node-xbee.git" args=["svd-xbee","https://github.com/bryanpaluch/node-xbee.git"]
24 verbose parsed url { protocol: 'https:',
24 verbose parsed url   slashes: true,
24 verbose parsed url   host: 'github.com',
24 verbose parsed url   hostname: 'github.com',
24 verbose parsed url   href: 'https://github.com/bryanpaluch/node-xbee.git',
24 verbose parsed url   pathname: '/bryanpaluch/node-xbee.git',
24 verbose parsed url   path: '/bryanpaluch/node-xbee.git' }
25 verbose already installed skipping nstore@~0.5.1 /home/bpaluch/Coding/home-monitor/xbee-cordinator
26 verbose already installed skipping packet@0.0.4 /home/bpaluch/Coding/home-monitor/xbee-cordinator
27 verbose already installed skipping socket.io-client@~0.9.11 /home/bpaluch/Coding/home-monitor/xbee-cordinator
28 silly lockFile 085a9174-ub-com-bryanpaluch-node-xbee-git https://github.com/bryanpaluch/node-xbee.git
29 verbose lock https://github.com/bryanpaluch/node-xbee.git /home/bpaluch/.npm/085a9174-ub-com-bryanpaluch-node-xbee-git.lock
30 verbose addRemoteTarball [ 'https://github.com/bryanpaluch/node-xbee.git', null ]
31 info retry fetch attempt 1 at 15:51:38
32 verbose fetch to= /home/bpaluch/tmp/npm-5294/1353358298614-0.24895070702768862/tmp.tgz
33 http GET https://github.com/bryanpaluch/node-xbee.git
34 http 200 https://github.com/bryanpaluch/node-xbee.git
35 verbose tar unpack /home/bpaluch/tmp/npm-5294/1353358298614-0.24895070702768862/tmp.tgz
36 silly lockFile 98dae417-8614-0-24895070702768862-package /home/bpaluch/tmp/npm-5294/1353358298614-0.24895070702768862/package
37 verbose lock /home/bpaluch/tmp/npm-5294/1353358298614-0.24895070702768862/package /home/bpaluch/.npm/98dae417-8614-0-24895070702768862-package.lock
38 silly gunzTarPerm modes [ '777', '666' ]
39 verbose read json /home/bpaluch/tmp/npm-5294/1353358298614-0.24895070702768862/package/package.json
40 error not a package /home/bpaluch/tmp/npm-5294/1353358298614-0.24895070702768862/tmp.tgz
41 silly lockFile 98dae417-8614-0-24895070702768862-package /home/bpaluch/tmp/npm-5294/1353358298614-0.24895070702768862/package
42 silly lockFile 085a9174-ub-com-bryanpaluch-node-xbee-git https://github.com/bryanpaluch/node-xbee.git
43 error Error: ENOENT, open '/home/bpaluch/tmp/npm-5294/1353358298614-0.24895070702768862/package/package.json'
44 error If you need help, you may report this log at:
44 error     <http://github.com/isaacs/npm/issues>
44 error or email it to:
44 error     <npm-@googlegroups.com>
45 error System Linux 3.5.0-18-generic
46 error command "/usr/local/bin/node" "/usr/local/bin/npm" "install"
47 error cwd /home/bpaluch/Coding/home-monitor/xbee-cordinator
48 error node -v v0.8.8
49 error npm -v 1.1.59
50 error path /home/bpaluch/tmp/npm-5294/1353358298614-0.24895070702768862/package/package.json
51 error code ENOENT
52 error errno 34
53 verbose exit [ 34, true ]
